[debug] [2024-09-24T08:37:25.909Z] ----------------------------------------------------------------------
[debug] [2024-09-24T08:37:25.916Z] Command:       C:\Program Files\nodejs\node.exe C:\Users\gwiba\AppData\Roaming\npm\node_modules\firebase-tools\lib\bin\firebase.js deploy --only hosting
[debug] [2024-09-24T08:37:25.917Z] CLI Version:   13.18.0
[debug] [2024-09-24T08:37:25.917Z] Platform:      win32
[debug] [2024-09-24T08:37:25.918Z] Node Version:  v22.8.0
[debug] [2024-09-24T08:37:25.918Z] Time:          Tue Sep 24 2024 10:37:25 GMT+0200 (South Africa Standard Time)
[debug] [2024-09-24T08:37:25.919Z] ----------------------------------------------------------------------
[debug] 
[debug] [2024-09-24T08:37:26.106Z] > command requires scopes: ["email","openid","https://www.googleapis.com/auth/cloudplatformprojects.readonly","https://www.googleapis.com/auth/firebase","https://www.googleapis.com/auth/cloud-platform"]
[debug] [2024-09-24T08:37:26.107Z] > authorizing via signed-in user (gwibantulini8@gmail.com)
[debug] [2024-09-24T08:37:26.107Z] [iam] checking project portfolio-a48b5 for permissions ["firebase.projects.get","firebasehosting.sites.update"]
[debug] [2024-09-24T08:37:26.110Z] > refreshing access token with scopes: []
[debug] [2024-09-24T08:37:26.115Z] >>> [apiv2][query] POST https://www.googleapis.com/oauth2/v3/token [none]
[debug] [2024-09-24T08:37:26.115Z] >>> [apiv2][body] POST https://www.googleapis.com/oauth2/v3/token [omitted]
[debug] [2024-09-24T08:37:37.358Z] *** [apiv2] error from fetch(https://www.googleapis.com/oauth2/v3/token, {"headers":{},"method":"POST","body":{"_overheadLength":545,"_valueLength":212,"_valuesToMeasure":[],"writable":false,"readable":true,"dataSize":0,"maxDataSize":2097152,"pauseStreams":true,"_released":true,"_streams":[],"_currentStream":null,"_insideLoop":false,"_pendingNext":false,"_boundary":"--------------------------774548104065252444623967","_events":{},"_eventsCount":1}}): FetchError: request to https://www.googleapis.com/oauth2/v3/token failed, reason: getaddrinfo ENOTFOUND www.googleapis.com
[debug] [2024-09-24T08:37:37.358Z] [iam] error while checking permissions, command may fail: FirebaseError: Authentication Error: Your credentials are no longer valid. Please run firebase login --reauth

For CI servers and headless environments, generate a new token with firebase login:ci
[debug] [2024-09-24T08:37:37.359Z] > refreshing access token with scopes: []
[debug] [2024-09-24T08:37:37.360Z] >>> [apiv2][query] POST https://www.googleapis.com/oauth2/v3/token [none]
[debug] [2024-09-24T08:37:37.360Z] >>> [apiv2][body] POST https://www.googleapis.com/oauth2/v3/token [omitted]
[debug] [2024-09-24T08:37:48.492Z] *** [apiv2] error from fetch(https://www.googleapis.com/oauth2/v3/token, {"headers":{},"method":"POST","body":{"_overheadLength":545,"_valueLength":212,"_valuesToMeasure":[],"writable":false,"readable":true,"dataSize":0,"maxDataSize":2097152,"pauseStreams":true,"_released":true,"_streams":[],"_currentStream":null,"_insideLoop":false,"_pendingNext":false,"_boundary":"--------------------------607758829128650511046935","_events":{},"_eventsCount":1}}): FetchError: request to https://www.googleapis.com/oauth2/v3/token failed, reason: getaddrinfo ENOTFOUND www.googleapis.com
[debug] [2024-09-24T08:37:48.492Z] Authentication Error: Your credentials are no longer valid. Please run firebase login --reauth

For CI servers and headless environments, generate a new token with firebase login:ci
[error] 
[error] Error: Assertion failed: resolving hosting target of a site with no site name or target name. This should have caused an error earlier
[debug] [2024-09-24T08:38:50.901Z] ----------------------------------------------------------------------
[debug] [2024-09-24T08:38:50.906Z] Command:       C:\Program Files\nodejs\node.exe C:\Users\gwiba\AppData\Roaming\npm\node_modules\firebase-tools\lib\bin\firebase.js deploy --only hosting
[debug] [2024-09-24T08:38:50.906Z] CLI Version:   13.18.0
[debug] [2024-09-24T08:38:50.906Z] Platform:      win32
[debug] [2024-09-24T08:38:50.907Z] Node Version:  v22.8.0
[debug] [2024-09-24T08:38:50.907Z] Time:          Tue Sep 24 2024 10:38:50 GMT+0200 (South Africa Standard Time)
[debug] [2024-09-24T08:38:50.907Z] ----------------------------------------------------------------------
[debug] 
[debug] [2024-09-24T08:38:51.066Z] > command requires scopes: ["email","openid","https://www.googleapis.com/auth/cloudplatformprojects.readonly","https://www.googleapis.com/auth/firebase","https://www.googleapis.com/auth/cloud-platform"]
[debug] [2024-09-24T08:38:51.067Z] > authorizing via signed-in user (gwibantulini8@gmail.com)
[debug] [2024-09-24T08:38:51.068Z] [iam] checking project portfolio-a48b5 for permissions ["firebase.projects.get","firebasehosting.sites.update"]
[debug] [2024-09-24T08:38:51.070Z] > refreshing access token with scopes: []
[debug] [2024-09-24T08:38:51.076Z] >>> [apiv2][query] POST https://www.googleapis.com/oauth2/v3/token [none]
[debug] [2024-09-24T08:38:51.077Z] >>> [apiv2][body] POST https://www.googleapis.com/oauth2/v3/token [omitted]
[debug] [2024-09-24T08:38:54.914Z] <<< [apiv2][status] POST https://www.googleapis.com/oauth2/v3/token 200
[debug] [2024-09-24T08:38:54.914Z] <<< [apiv2][body] POST https://www.googleapis.com/oauth2/v3/token [omitted]
[debug] [2024-09-24T08:38:54.925Z] >>> [apiv2][query] POST https://cloudresourcemanager.googleapis.com/v1/projects/portfolio-a48b5:testIamPermissions [none]
[debug] [2024-09-24T08:38:54.925Z] >>> [apiv2][(partial)header] POST https://cloudresourcemanager.googleapis.com/v1/projects/portfolio-a48b5:testIamPermissions x-goog-quota-user=projects/portfolio-a48b5
[debug] [2024-09-24T08:38:54.925Z] >>> [apiv2][body] POST https://cloudresourcemanager.googleapis.com/v1/projects/portfolio-a48b5:testIamPermissions {"permissions":["firebase.projects.get","firebasehosting.sites.update"]}
[debug] [2024-09-24T08:39:02.132Z] <<< [apiv2][status] POST https://cloudresourcemanager.googleapis.com/v1/projects/portfolio-a48b5:testIamPermissions 200
[debug] [2024-09-24T08:39:02.132Z] <<< [apiv2][body] POST https://cloudresourcemanager.googleapis.com/v1/projects/portfolio-a48b5:testIamPermissions {"permissions":["firebase.projects.get","firebasehosting.sites.update"]}
[debug] [2024-09-24T08:39:02.133Z] >>> [apiv2][query] GET https://firebase.googleapis.com/v1beta1/projects/portfolio-a48b5 [none]
[debug] [2024-09-24T08:39:13.300Z] *** [apiv2] error from fetch(https://firebase.googleapis.com/v1beta1/projects/portfolio-a48b5, {"headers":{},"method":"GET","signal":{}}): FetchError: request to https://firebase.googleapis.com/v1beta1/projects/portfolio-a48b5 failed, reason: getaddrinfo ENOTFOUND firebase.googleapis.com
[debug] [2024-09-24T08:39:13.300Z] Failed to make request to https://firebase.googleapis.com/v1beta1/projects/portfolio-a48b5 (original: request to https://firebase.googleapis.com/v1beta1/projects/portfolio-a48b5 failed, reason: getaddrinfo ENOTFOUND firebase.googleapis.com)
[debug] [2024-09-24T08:39:18.316Z] Error: Timed out.
    at Timeout._onTimeout (C:\Users\gwiba\AppData\Roaming\npm\node_modules\firebase-tools\lib\utils.js:268:49)
    at listOnTimeout (node:internal/timers:594:17)
    at process.processTimers (node:internal/timers:529:7)
[error] 
[error] Error: An unexpected error has occurred.
